<?xml version="1.0" encoding="UTF-8"?>
<!-- Generated by org.testng.reporters.JUnitReportReporter -->
<testsuite skipped="0" hostname="mukeshacharya" name="testcases.test" tests="2" failures="0" timestamp="08 Jan 2019 11:25:52 GMT" time="0.062" errors="0">
  <testcase name="Second" time="0.015" classname="testcases.test"/>
  <testcase name="Demo" time="0.047" classname="testcases.test"/>
</testsuite> <!-- testcases.test -->
