<?xml version="1.0" encoding="UTF-8"?>
<!-- Generated by org.testng.reporters.JUnitReportReporter -->
<testsuite skipped="0" hostname="mukeshacharya" name="testcases.test2" tests="1" failures="0" timestamp="08 Jan 2019 12:40:50 GMT" time="0.041" errors="0">
  <testcase name="demo3" time="0.041" classname="testcases.test2"/>
</testsuite> <!-- testcases.test2 -->
