<?xml version="1.0" encoding="UTF-8"?>
<!-- Generated by org.testng.reporters.JUnitReportReporter -->
<testsuite skipped="0" hostname="mukeshacharya" name="ClassListner.ListnerTest" tests="2" failures="0" timestamp="29 Mar 2019 09:52:20 GMT" time="31.395" errors="0">
  <testcase name="Test1" time="17.645" classname="ClassListner.ListnerTest"/>
  <testcase name="Test2" time="13.750" classname="ClassListner.ListnerTest"/>
</testsuite> <!-- ClassListner.ListnerTest -->
