<?xml version="1.0" encoding="UTF-8"?>
<!-- Generated by org.testng.reporters.JUnitReportReporter -->
<testsuite skipped="0" hostname="mukeshacharya" name="Newstart.NewTest" tests="5" failures="0" timestamp="16 Mar 2019 23:54:51 GMT" time="55.152" errors="0">
  <testcase name="Methodtesting3" time="0.006" classname="Newstart.NewTest"/>
  <testcase name="MethodTesting4" time="34.489" classname="Newstart.NewTest"/>
  <testcase name="Methodtesting2" time="0.014" classname="Newstart.NewTest"/>
  <testcase name="Methodtesting5" time="20.623" classname="Newstart.NewTest"/>
  <testcase name="Methodtesting1" time="0.020" classname="Newstart.NewTest"/>
</testsuite> <!-- Newstart.NewTest -->
